INFO: [VRFC 10-163] Analyzing VHDL file "/home/sgorla/LabMAPD_A/uart_fir_filter_cascade/uart_fir_filter_cascade.srcs/sources_1/new/baudrate_generator.vhd" into library xil_defaultlib
INFO: [VRFC 10-3107] analyzing entity 'baudrate_generator'
INFO: [VRFC 10-163] Analyzing VHDL file "/home/sgorla/LabMAPD_A/uart_fir_filter_cascade/uart_fir_filter_cascade.srcs/sources_1/new/fir_filter.vhd" into library xil_defaultlib
INFO: [VRFC 10-3107] analyzing entity 'fir_filter'
INFO: [VRFC 10-163] Analyzing VHDL file "/home/sgorla/LabMAPD_A/uart_fir_filter_cascade/uart_fir_filter_cascade.srcs/sources_1/new/sampler_generator.vhd" into library xil_defaultlib
INFO: [VRFC 10-3107] analyzing entity 'sample_generator'
INFO: [VRFC 10-163] Analyzing VHDL file "/home/sgorla/LabMAPD_A/uart_fir_filter_cascade/uart_fir_filter_cascade.srcs/sources_1/new/top.vhd" into library xil_defaultlib
INFO: [VRFC 10-3107] analyzing entity 'top'
INFO: [VRFC 10-163] Analyzing VHDL file "/home/sgorla/LabMAPD_A/uart_fir_filter_cascade/uart_fir_filter_cascade.srcs/sources_1/new/uart_receiver.vhd" into library xil_defaultlib
INFO: [VRFC 10-3107] analyzing entity 'uart_receiver'
INFO: [VRFC 10-163] Analyzing VHDL file "/home/sgorla/LabMAPD_A/uart_fir_filter_cascade/uart_fir_filter_cascade.srcs/sources_1/new/uart_transmitter.vhd" into library xil_defaultlib
INFO: [VRFC 10-3107] analyzing entity 'uart_transmitter'
INFO: [VRFC 10-163] Analyzing VHDL file "/home/sgorla/LabMAPD_A/uart_fir_filter_cascade/uart_fir_filter_cascade.srcs/sim_1/new/tb_uart_fir_filter_cascade.vhd" into library xil_defaultlib
INFO: [VRFC 10-3107] analyzing entity 'tb_uart_fir_filter_cascade'
INFO: [VRFC 10-163] Analyzing VHDL file "/home/sgorla/LabMAPD_A/uart_fir_filter_cascade/uart_fir_filter_cascade.srcs/sources_1/new/top.vhd" into library xil_defaultlib
INFO: [VRFC 10-3107] analyzing entity 'top'
INFO: [VRFC 10-163] Analyzing VHDL file "/home/sgorla/LabMAPD_A/uart_fir_filter_cascade/uart_fir_filter_cascade.srcs/sim_1/new/tb_uart_fir_filter_cascade.vhd" into library xil_defaultlib
INFO: [VRFC 10-3107] analyzing entity 'tb_uart_fir_filter_cascade'
INFO: [VRFC 10-163] Analyzing VHDL file "/home/sgorla/LabMAPD_A/uart_fir_filter_cascade/uart_fir_filter_cascade.srcs/sim_1/new/tb_uart_fir_filter_cascade.vhd" into library xil_defaultlib
INFO: [VRFC 10-3107] analyzing entity 'tb_uart_fir_filter_cascade'
INFO: [VRFC 10-163] Analyzing VHDL file "/home/sgorla/LabMAPD_A/uart_fir_filter_cascade/uart_fir_filter_cascade.srcs/sources_1/new/top.vhd" into library xil_defaultlib
INFO: [VRFC 10-3107] analyzing entity 'top'
INFO: [VRFC 10-163] Analyzing VHDL file "/home/sgorla/LabMAPD_A/uart_fir_filter_cascade/uart_fir_filter_cascade.srcs/sim_1/new/tb_uart_fir_filter_cascade.vhd" into library xil_defaultlib
INFO: [VRFC 10-3107] analyzing entity 'tb_uart_fir_filter_cascade'
INFO: [VRFC 10-163] Analyzing VHDL file "/home/eugenio/Scrivania/LabMAPD_A/uart_fir_filter_cascade/uart_fir_filter_cascade.srcs/sources_1/new/baudrate_generator.vhd" into library xil_defaultlib
INFO: [VRFC 10-3107] analyzing entity 'baudrate_generator'
INFO: [VRFC 10-163] Analyzing VHDL file "/home/eugenio/Scrivania/LabMAPD_A/uart_fir_filter_cascade/uart_fir_filter_cascade.srcs/sources_1/new/fir_filter.vhd" into library xil_defaultlib
INFO: [VRFC 10-3107] analyzing entity 'fir_filter'
INFO: [VRFC 10-163] Analyzing VHDL file "/home/eugenio/Scrivania/LabMAPD_A/uart_fir_filter_cascade/uart_fir_filter_cascade.srcs/sources_1/new/sampler_generator.vhd" into library xil_defaultlib
INFO: [VRFC 10-3107] analyzing entity 'sample_generator'
INFO: [VRFC 10-163] Analyzing VHDL file "/home/eugenio/Scrivania/LabMAPD_A/uart_fir_filter_cascade/uart_fir_filter_cascade.srcs/sources_1/new/top.vhd" into library xil_defaultlib
INFO: [VRFC 10-3107] analyzing entity 'top'
INFO: [VRFC 10-163] Analyzing VHDL file "/home/eugenio/Scrivania/LabMAPD_A/uart_fir_filter_cascade/uart_fir_filter_cascade.srcs/sources_1/new/uart_receiver.vhd" into library xil_defaultlib
INFO: [VRFC 10-3107] analyzing entity 'uart_receiver'
INFO: [VRFC 10-163] Analyzing VHDL file "/home/eugenio/Scrivania/LabMAPD_A/uart_fir_filter_cascade/uart_fir_filter_cascade.srcs/sources_1/new/uart_transmitter.vhd" into library xil_defaultlib
INFO: [VRFC 10-3107] analyzing entity 'uart_transmitter'
INFO: [VRFC 10-163] Analyzing VHDL file "/home/eugenio/Scrivania/LabMAPD_A/uart_fir_filter_cascade/uart_fir_filter_cascade.srcs/sim_1/new/tb_uart_fir_filter_cascade.vhd" into library xil_defaultlib
INFO: [VRFC 10-3107] analyzing entity 'tb_uart_fir_filter_cascade'
INFO: [VRFC 10-163] Analyzing VHDL file "/home/eugenio/Scrivania/LabMAPD_A/uart_fir_filter_cascade/uart_fir_filter_cascade.srcs/sources_1/new/fir_filter.vhd" into library xil_defaultlib
INFO: [VRFC 10-3107] analyzing entity 'fir_filter'
INFO: [VRFC 10-163] Analyzing VHDL file "/home/eugenio/Scrivania/LabMAPD_A/uart_fir_filter_cascade/uart_fir_filter_cascade.srcs/sources_1/new/fir_filter.vhd" into library xil_defaultlib
INFO: [VRFC 10-3107] analyzing entity 'fir_filter'
